<?xml version="1.0" encoding="UTF-8" standalone="no" ?>
<report title="Hercules Micro Design Report" version="1.0">

  <Synthesis>
    <Summary>
      <Attr name="Running status" total="" value="Successful"/>
      <Attr name="Time stamp" total="" value="Wed Dec 06 22:54:01 2023&#xA;"/>
      <Attr name="Fuxi version" total="" value="fx2023.1 win64"/>
      <Attr name="Device name" total="" value="H1D03N3W72C7"/>
      <Attr name="Top module name" total="" value="mipi_rx_pinf_tx_pinf_1080"/>
      <Attr name="Input design file" total="" value="src/emif2apb.v"/>
      <Attr name="Output design file" total="" value="outputs/mipi_rx_pinf_tx_pinf_1080.amv"/>
      <Attr name="Output annotation file" total="" value="outputs/mipi_rx_pinf_tx_pinf_1080.ama"/>
    </Summary>
    <Resource>
      <Attr name="Total LUT(s)" total="2048" value="932">
        <Attr name="Total LUT6 As Logic(s)" total="0" value="932"/>
      </Attr>
      <Attr name="Total ADD1_A(s)" total="2048" value="188"/>
      <Attr name="Total REG(s)" total="4096" value="1352"/>
      <Attr name="Total I/O pins" total="34" value="4"/>
      <Attr name="Total BRAM(s)" total="8" value="7">
        <Attr name="Total EMB5K(s)" total="0" value="1"/>
        <Attr name="Total EMB9K(s)" total="0" value="1"/>
        <Attr name="Total EMB18K(s)" total="0" value="6"/>
      </Attr>
      <Attr name="Total PLL(s)" total="1" value="1"/>
      <Attr name="Total MAC(s)" total="16" value="12"/>
      <Attr name="Total DLL(s)" total="2" value="0"/>
      <Attr name="Total 8051(s)" total="1" value="1"/>
      <Attr name="Total DBUF(s)" total="0" value="0"/>
      <Attr name="Total RBUF(s)" total="0" value="0"/>
      <Attr name="Total GBUF(s)" total="0" value="1"/>
      <Attr name="Total MIPI(s)" total="2" value="2"/>
      <Attr name="Total MIPI PLL(s)" total="1" value="1"/>
    </Resource>
    <Message>
      <Attr name="Warning" total="0" value="116"/>
      <Attr name="Error" total="0" value="0"/>
    </Message>
  </Synthesis>

  <Placement>
    <Summary>
      <Attr name="Running status" total="" value="Successful"/>
      <Attr name="Time stamp" total="" value="Wed Dec 06 22:54:19 2023"/>
      <Attr name="Fuxi version" total="" value="fx2023.1 win64"/>
      <Attr name="Device name" total="" value="H1D03N3W72C7"/>
      <Attr name="Top module name" total="" value="mipi_rx_pinf_tx_pinf_1080"/>
      <Attr name="Input design file" total="" value="outputs/mipi_rx_pinf_tx_pinf_1080.amv"/>
      <Attr name="Input aoc constraint file" total="" value="mipi_rx_pinf_tx_pinf_1080.aoc"/>
      <Attr name="Output design file" total="" value="outputs/mipi_rx_pinf_tx_pinf_1080.apv"/>
      <Attr name="Output annotation file" total="" value="outputs/mipi_rx_pinf_tx_pinf_1080.apx"/>
      <Attr name="Maximum fan-out node" total="" value="ii2153"/>
      <Attr name="Highest non-global fan-out signal" total="" value="ii1982_dup"/>
    </Summary>
    <Resource>
      <Attr name="Total LUT(s)" total="2048" value="932"/>
      <Attr name="Total ADD1_A(s)" total="2048" value="188"/>
      <Attr name="Total REG(s)" total="4198" value="1352">
      </Attr>
      <Attr name="Total I/O pins" total="34" value="4">
        <Attr name="Total clock pins" total="4" value="0"/>
      </Attr>
      <Attr name="Total PLL(s)" total="1" value="1"/>
      <Attr name="Total DLL(s)" total="2" value="0"/>
      <Attr name="Total OSC(s)" total="1" value="1"/>
      <Attr name="Total MAC(s)" total="16" value="12"/>
      <Attr name="Total BRAM(s)" total="32" value="27"/>
      <Attr name="Total 8051(s)" total="1" value="1"/>
      <Attr name="Total MIPI(s)" total="2" value="2"/>
      <Attr name="Total MIPI PLL(s)" total="1" value="1">
      </Attr>
      <Attr name="Total PLBs(partially or completely used)" total="256" value="182"/>
      <Attr name="Total fan-out" total="" value="10175">
        <Attr name="Maximum fan-out" total="" value="96"/>
        <Attr name="Highest non-global fan-out" total="" value="1364"/>
        <Attr name="Average fan-out" total="" value="4.08"/>
      </Attr>
      <Attr name="Total clock net(s)" total="" value="4">
        <Attr name="u_pll_pll_u0|CO0_net fan-out" total="" value="1094"/>
        <Attr name="u0_mipi1_clkdly_genblk1_0__u_mipi_clkdly|xy_net fan-out" total="" value="209"/>
        <Attr name="u_pll_pll_u0|CO3_net fan-out" total="" value="83"/>
        <Attr name="u_osc|OSC_net fan-out" total="" value="3"/>
      </Attr>
    </Resource>
    <BankSummary>
      <Attr name="1" total="34" value="4"/>
    </BankSummary>
    <QoRSummary>
      <Attr name="Global placer net length" total="" value="0.00"/>
      <Attr name="Detail placer net length" total="" value="3.34"/>
    </QoRSummary>
    <Message>
      <Attr name="Warning" total="" value="0"/>
      <Attr name="Error" total="" value="0"/>
    </Message>
  </Placement>

  <Routing>
    <Summary>
      <Attr name="Running status" total="" value="Successful"/>
      <Attr name="Time stamp" total="" value="Wed Dec 06 22:54:48 2023"/>
      <Attr name="Fuxi version" total="" value="fx2023.1 win64"/>
      <Attr name="Device name" total="" value="H1D03N3W72C7"/>
      <Attr name="Top module name" total="" value="mipi_rx_pinf_tx_pinf_1080"/>
      <Attr name="Input design file" total="" value="outputs/mipi_rx_pinf_tx_pinf_1080.apv"/>
      <Attr name="Input annotation file" total="" value="mipi_rx_pinf_tx_pinf_1080.apx"/>
      <Attr name="Output annotation file" total="" value="outputs/mipi_rx_pinf_tx_pinf_1080.apa"/>
      <Attr name="Output design file" total="" value="outputs/mipi_rx_pinf_tx_pinf_1080.arv"/>
    </Summary>
    <Resource>
      <Attr name="Total nets" total="" value="5123"/>
      <Attr name="Failed nets" total="" value="0"/>
      <Attr name="Interconnect Resources" total="" value="27.92"/>
      <Attr name="Total Elapsed Time" total="" value="27 seconds"/>
      <Attr name="Peak Mem" total="" value="106 MB"/>
      <Attr name="Iteration Num" total="" value="11"/>
      <Attr name="Average Fanout" total="" value="2.421628"/>
    </Resource>
    <Message>
      <Attr name="Warning" total="" value="0"/>
      <Attr name="Error" total="" value="0"/>
    </Message>
  </Routing>

</report>